Connecting to database specified by database.yml
Unable to load brand_name, underlying cause No such file to load -- brand_name 

 C:/RailsInstaller/Ruby1.9.3/lib/ruby/gems/1.9.1/gems/activesupport-3.2.11/lib/active_support/dependencies.rb:317:in `rescue in depend_on'
C:/RailsInstaller/Ruby1.9.3/lib/ruby/gems/1.9.1/gems/activesupport-3.2.11/lib/active_support/dependencies.rb:312:in `depend_on'
C:/RailsInstaller/Ruby1.9.3/lib/ruby/gems/1.9.1/gems/activesupport-3.2.11/lib/active_support/dependencies.rb:225:in `require_dependency'
C:/RailsInstaller/Ruby1.9.3/lib/ruby/gems/1.9.1/gems/activerecord-3.2.11/lib/active_record/fixtures.rb:767:in `try_to_load_dependency'
C:/RailsInstaller/Ruby1.9.3/lib/ruby/gems/1.9.1/gems/activerecord-3.2.11/lib/active_record/fixtures.rb:782:in `block in require_fixture_classes'
C:/RailsInstaller/Ruby1.9.3/lib/ruby/gems/1.9.1/gems/activerecord-3.2.11/lib/active_record/fixtures.rb:779:in `each'
C:/RailsInstaller/Ruby1.9.3/lib/ruby/gems/1.9.1/gems/activerecord-3.2.11/lib/active_record/fixtures.rb:779:in `require_fixture_classes'
C:/RailsInstaller/Ruby1.9.3/lib/ruby/gems/1.9.1/gems/activerecord-3.2.11/lib/active_record/fixtures.rb:762:in `fixtures'
C:/Project/capital_parser/test/test_helper.rb:10:in `<class:TestCase>'
C:/Project/capital_parser/test/test_helper.rb:5:in `<top (required)>'
C:/Project/capital_parser/test/unit/brand_name_test.rb:1:in `require'
C:/Project/capital_parser/test/unit/brand_name_test.rb:1:in `<top (required)>'
C:/RailsInstaller/Ruby1.9.3/lib/ruby/gems/1.9.1/gems/rake-10.1.0/lib/rake/rake_test_loader.rb:15:in `require'
C:/RailsInstaller/Ruby1.9.3/lib/ruby/gems/1.9.1/gems/rake-10.1.0/lib/rake/rake_test_loader.rb:15:in `block in <main>'
C:/RailsInstaller/Ruby1.9.3/lib/ruby/gems/1.9.1/gems/rake-10.1.0/lib/rake/rake_test_loader.rb:4:in `select'
C:/RailsInstaller/Ruby1.9.3/lib/ruby/gems/1.9.1/gems/rake-10.1.0/lib/rake/rake_test_loader.rb:4:in `<main>'
Unable to load credit_card, underlying cause No such file to load -- credit_card 

 C:/RailsInstaller/Ruby1.9.3/lib/ruby/gems/1.9.1/gems/activesupport-3.2.11/lib/active_support/dependencies.rb:317:in `rescue in depend_on'
C:/RailsInstaller/Ruby1.9.3/lib/ruby/gems/1.9.1/gems/activesupport-3.2.11/lib/active_support/dependencies.rb:312:in `depend_on'
C:/RailsInstaller/Ruby1.9.3/lib/ruby/gems/1.9.1/gems/activesupport-3.2.11/lib/active_support/dependencies.rb:225:in `require_dependency'
C:/RailsInstaller/Ruby1.9.3/lib/ruby/gems/1.9.1/gems/activerecord-3.2.11/lib/active_record/fixtures.rb:767:in `try_to_load_dependency'
C:/RailsInstaller/Ruby1.9.3/lib/ruby/gems/1.9.1/gems/activerecord-3.2.11/lib/active_record/fixtures.rb:782:in `block in require_fixture_classes'
C:/RailsInstaller/Ruby1.9.3/lib/ruby/gems/1.9.1/gems/activerecord-3.2.11/lib/active_record/fixtures.rb:779:in `each'
C:/RailsInstaller/Ruby1.9.3/lib/ruby/gems/1.9.1/gems/activerecord-3.2.11/lib/active_record/fixtures.rb:779:in `require_fixture_classes'
C:/RailsInstaller/Ruby1.9.3/lib/ruby/gems/1.9.1/gems/activerecord-3.2.11/lib/active_record/fixtures.rb:762:in `fixtures'
C:/Project/capital_parser/test/test_helper.rb:10:in `<class:TestCase>'
C:/Project/capital_parser/test/test_helper.rb:5:in `<top (required)>'
C:/Project/capital_parser/test/unit/brand_name_test.rb:1:in `require'
C:/Project/capital_parser/test/unit/brand_name_test.rb:1:in `<top (required)>'
C:/RailsInstaller/Ruby1.9.3/lib/ruby/gems/1.9.1/gems/rake-10.1.0/lib/rake/rake_test_loader.rb:15:in `require'
C:/RailsInstaller/Ruby1.9.3/lib/ruby/gems/1.9.1/gems/rake-10.1.0/lib/rake/rake_test_loader.rb:15:in `block in <main>'
C:/RailsInstaller/Ruby1.9.3/lib/ruby/gems/1.9.1/gems/rake-10.1.0/lib/rake/rake_test_loader.rb:4:in `select'
C:/RailsInstaller/Ruby1.9.3/lib/ruby/gems/1.9.1/gems/rake-10.1.0/lib/rake/rake_test_loader.rb:4:in `<main>'
Connecting to database specified by database.yml
Unable to load brand_name, underlying cause No such file to load -- brand_name 

 C:/RailsInstaller/Ruby1.9.3/lib/ruby/gems/1.9.1/gems/activesupport-3.2.11/lib/active_support/dependencies.rb:317:in `rescue in depend_on'
C:/RailsInstaller/Ruby1.9.3/lib/ruby/gems/1.9.1/gems/activesupport-3.2.11/lib/active_support/dependencies.rb:312:in `depend_on'
C:/RailsInstaller/Ruby1.9.3/lib/ruby/gems/1.9.1/gems/activesupport-3.2.11/lib/active_support/dependencies.rb:225:in `require_dependency'
C:/RailsInstaller/Ruby1.9.3/lib/ruby/gems/1.9.1/gems/activerecord-3.2.11/lib/active_record/fixtures.rb:767:in `try_to_load_dependency'
C:/RailsInstaller/Ruby1.9.3/lib/ruby/gems/1.9.1/gems/activerecord-3.2.11/lib/active_record/fixtures.rb:782:in `block in require_fixture_classes'
C:/RailsInstaller/Ruby1.9.3/lib/ruby/gems/1.9.1/gems/activerecord-3.2.11/lib/active_record/fixtures.rb:779:in `each'
C:/RailsInstaller/Ruby1.9.3/lib/ruby/gems/1.9.1/gems/activerecord-3.2.11/lib/active_record/fixtures.rb:779:in `require_fixture_classes'
C:/RailsInstaller/Ruby1.9.3/lib/ruby/gems/1.9.1/gems/activerecord-3.2.11/lib/active_record/fixtures.rb:762:in `fixtures'
C:/Project/capital_parser/test/test_helper.rb:10:in `<class:TestCase>'
C:/Project/capital_parser/test/test_helper.rb:5:in `<top (required)>'
C:/Project/capital_parser/test/functional/content_controller_test.rb:1:in `require'
C:/Project/capital_parser/test/functional/content_controller_test.rb:1:in `<top (required)>'
C:/RailsInstaller/Ruby1.9.3/lib/ruby/gems/1.9.1/gems/rake-10.1.0/lib/rake/rake_test_loader.rb:15:in `require'
C:/RailsInstaller/Ruby1.9.3/lib/ruby/gems/1.9.1/gems/rake-10.1.0/lib/rake/rake_test_loader.rb:15:in `block in <main>'
C:/RailsInstaller/Ruby1.9.3/lib/ruby/gems/1.9.1/gems/rake-10.1.0/lib/rake/rake_test_loader.rb:4:in `select'
C:/RailsInstaller/Ruby1.9.3/lib/ruby/gems/1.9.1/gems/rake-10.1.0/lib/rake/rake_test_loader.rb:4:in `<main>'
Unable to load credit_card, underlying cause No such file to load -- credit_card 

 C:/RailsInstaller/Ruby1.9.3/lib/ruby/gems/1.9.1/gems/activesupport-3.2.11/lib/active_support/dependencies.rb:317:in `rescue in depend_on'
C:/RailsInstaller/Ruby1.9.3/lib/ruby/gems/1.9.1/gems/activesupport-3.2.11/lib/active_support/dependencies.rb:312:in `depend_on'
C:/RailsInstaller/Ruby1.9.3/lib/ruby/gems/1.9.1/gems/activesupport-3.2.11/lib/active_support/dependencies.rb:225:in `require_dependency'
C:/RailsInstaller/Ruby1.9.3/lib/ruby/gems/1.9.1/gems/activerecord-3.2.11/lib/active_record/fixtures.rb:767:in `try_to_load_dependency'
C:/RailsInstaller/Ruby1.9.3/lib/ruby/gems/1.9.1/gems/activerecord-3.2.11/lib/active_record/fixtures.rb:782:in `block in require_fixture_classes'
C:/RailsInstaller/Ruby1.9.3/lib/ruby/gems/1.9.1/gems/activerecord-3.2.11/lib/active_record/fixtures.rb:779:in `each'
C:/RailsInstaller/Ruby1.9.3/lib/ruby/gems/1.9.1/gems/activerecord-3.2.11/lib/active_record/fixtures.rb:779:in `require_fixture_classes'
C:/RailsInstaller/Ruby1.9.3/lib/ruby/gems/1.9.1/gems/activerecord-3.2.11/lib/active_record/fixtures.rb:762:in `fixtures'
C:/Project/capital_parser/test/test_helper.rb:10:in `<class:TestCase>'
C:/Project/capital_parser/test/test_helper.rb:5:in `<top (required)>'
C:/Project/capital_parser/test/functional/content_controller_test.rb:1:in `require'
C:/Project/capital_parser/test/functional/content_controller_test.rb:1:in `<top (required)>'
C:/RailsInstaller/Ruby1.9.3/lib/ruby/gems/1.9.1/gems/rake-10.1.0/lib/rake/rake_test_loader.rb:15:in `require'
C:/RailsInstaller/Ruby1.9.3/lib/ruby/gems/1.9.1/gems/rake-10.1.0/lib/rake/rake_test_loader.rb:15:in `block in <main>'
C:/RailsInstaller/Ruby1.9.3/lib/ruby/gems/1.9.1/gems/rake-10.1.0/lib/rake/rake_test_loader.rb:4:in `select'
C:/RailsInstaller/Ruby1.9.3/lib/ruby/gems/1.9.1/gems/rake-10.1.0/lib/rake/rake_test_loader.rb:4:in `<main>'
  [1m[36m (10.0ms)[0m  [1mbegin transaction[0m
  [1m[35mFixture Delete (0.0ms)[0m  DELETE FROM "brand_names"
SQLite3::SQLException: no such table: brand_names: DELETE FROM "brand_names"
  [1m[36m (0.0ms)[0m  [1mrollback transaction[0m
  [1m[35m (0.0ms)[0m  begin transaction
  [1m[36mFixture Delete (0.0ms)[0m  [1mDELETE FROM "brand_names"[0m
SQLite3::SQLException: no such table: brand_names: DELETE FROM "brand_names"
  [1m[35m (0.0ms)[0m  rollback transaction
  [1m[36m (0.0ms)[0m  [1mbegin transaction[0m
  [1m[35mFixture Delete (0.0ms)[0m  DELETE FROM "brand_names"
SQLite3::SQLException: no such table: brand_names: DELETE FROM "brand_names"
  [1m[36m (0.0ms)[0m  [1mrollback transaction[0m
  [1m[35m (0.0ms)[0m  begin transaction
  [1m[36mFixture Delete (0.0ms)[0m  [1mDELETE FROM "brand_names"[0m
SQLite3::SQLException: no such table: brand_names: DELETE FROM "brand_names"
  [1m[35m (10.0ms)[0m  rollback transaction
  [1m[36m (0.0ms)[0m  [1mbegin transaction[0m
  [1m[35mFixture Delete (0.0ms)[0m  DELETE FROM "brand_names"
SQLite3::SQLException: no such table: brand_names: DELETE FROM "brand_names"
  [1m[36m (0.0ms)[0m  [1mrollback transaction[0m
  [1m[35m (0.0ms)[0m  begin transaction
  [1m[36mFixture Delete (0.0ms)[0m  [1mDELETE FROM "brand_names"[0m
SQLite3::SQLException: no such table: brand_names: DELETE FROM "brand_names"
  [1m[35m (0.0ms)[0m  rollback transaction
  [1m[36m (0.0ms)[0m  [1mbegin transaction[0m
  [1m[35mFixture Delete (0.0ms)[0m  DELETE FROM "brand_names"
SQLite3::SQLException: no such table: brand_names: DELETE FROM "brand_names"
  [1m[36m (0.0ms)[0m  [1mrollback transaction[0m
  [1m[35m (0.0ms)[0m  begin transaction
  [1m[36mFixture Delete (0.0ms)[0m  [1mDELETE FROM "brand_names"[0m
SQLite3::SQLException: no such table: brand_names: DELETE FROM "brand_names"
  [1m[35m (0.0ms)[0m  rollback transaction
  [1m[36m (0.0ms)[0m  [1mbegin transaction[0m
  [1m[35mFixture Delete (0.0ms)[0m  DELETE FROM "brand_names"
SQLite3::SQLException: no such table: brand_names: DELETE FROM "brand_names"
  [1m[36m (0.0ms)[0m  [1mrollback transaction[0m
  [1m[35m (0.0ms)[0m  begin transaction
  [1m[36mFixture Delete (0.0ms)[0m  [1mDELETE FROM "brand_names"[0m
SQLite3::SQLException: no such table: brand_names: DELETE FROM "brand_names"
  [1m[35m (0.0ms)[0m  rollback transaction
  [1m[36m (0.0ms)[0m  [1mbegin transaction[0m
  [1m[35mFixture Delete (0.0ms)[0m  DELETE FROM "brand_names"
SQLite3::SQLException: no such table: brand_names: DELETE FROM "brand_names"
  [1m[36m (0.0ms)[0m  [1mrollback transaction[0m
  [1m[35m (0.0ms)[0m  begin transaction
  [1m[36mFixture Delete (0.0ms)[0m  [1mDELETE FROM "brand_names"[0m
SQLite3::SQLException: no such table: brand_names: DELETE FROM "brand_names"
  [1m[35m (0.0ms)[0m  rollback transaction
  [1m[36m (0.0ms)[0m  [1mbegin transaction[0m
  [1m[35mFixture Delete (0.0ms)[0m  DELETE FROM "brand_names"
SQLite3::SQLException: no such table: brand_names: DELETE FROM "brand_names"
  [1m[36m (0.0ms)[0m  [1mrollback transaction[0m
  [1m[35m (0.0ms)[0m  begin transaction
  [1m[36mFixture Delete (0.0ms)[0m  [1mDELETE FROM "brand_names"[0m
SQLite3::SQLException: no such table: brand_names: DELETE FROM "brand_names"
  [1m[35m (0.0ms)[0m  rollback transaction
